0 info it worked if it ends with ok
1 verbose cli [ 'node', '/usr/local/bin/npm', 'update', '-g', 'bower' ]
2 info using npm@1.4.16
3 info using node@v0.10.29
4 verbose request where is /bower
5 verbose request registry https://registry.npmjs.org/
6 verbose request id 353147b6fadb3f2e
7 verbose url raw /bower
8 verbose url resolving [ 'https://registry.npmjs.org/', './bower' ]
9 verbose url resolved https://registry.npmjs.org/bower
10 verbose request where is https://registry.npmjs.org/bower
11 info trying registry request attempt 1 at 12:43:03
12 verbose etag "4P6YSUBCLQNFPHYEK6PO92VJI"
13 http GET https://registry.npmjs.org/bower
14 info retry will retry, error on last attempt: Error: connect EMFILE
15 info outdated updating []
16 error Error: EMFILE, readdir '/usr/local/lib/node_modules/ionic/node_modules/unzip/node_modules/binary/node_modules/chainsaw/node_modules/traverse'
17 error If you need help, you may report this *entire* log,
17 error including the npm and node versions, at:
17 error     <http://github.com/npm/npm/issues>
18 error System Darwin 13.3.0
19 error command "node" "/usr/local/bin/npm" "update" "-g" "bower"
20 error cwd /Users/hein/repos/famous/famous-white-tile-firebase
21 error node -v v0.10.29
22 error npm -v 1.4.16
23 error path /usr/local/lib/node_modules/ionic/node_modules/unzip/node_modules/binary/node_modules/chainsaw/node_modules/traverse
24 error code EMFILE
25 error errno 20
26 verbose exit [ 20, true ]
